<?xml version="1.0" encoding="UTF-8"?>
<coverage generated="1778576135486" clover="3.2.0">
  <project timestamp="1778576135486" name="All files">
    <metrics statements="8" coveredstatements="6" conditionals="2" coveredconditionals="1" methods="5" coveredmethods="4" elements="15" coveredelements="11" complexity="0" loc="8" ncloc="8" packages="1" files="1" classes="1"/>
    <file name="math.js" path="/Users/suheibmarzouka/Desktop/24-01-ON/Workspaces/25-06-github-actions-example/testing-example/math.js">
      <metrics statements="8" coveredstatements="6" conditionals="2" coveredconditionals="1" methods="5" coveredmethods="4"/>
      <line num="2" count="2" type="stmt"/>
      <line num="6" count="1" type="stmt"/>
      <line num="10" count="1" type="stmt"/>
      <line num="14" count="1" type="cond" truecount="1" falsecount="1"/>
      <line num="15" count="0" type="stmt"/>
      <line num="17" count="1" type="stmt"/>
      <line num="21" count="0" type="stmt"/>
      <line num="25" count="1" type="stmt"/>
    </file>
  </project>
</coverage>
