{"/Users/suheibmarzouka/Desktop/24-01-ON/Workspaces/25-06-github-actions-example/testing-example/math.js": {"path":"/Users/suheibmarzouka/Desktop/24-01-ON/Workspaces/25-06-github-actions-example/testing-example/math.js","statementMap":{"0":{"start":{"line":2,"column":2},"end":{"line":2,"column":15}},"1":{"start":{"line":6,"column":2},"end":{"line":6,"column":15}},"2":{"start":{"line":10,"column":2},"end":{"line":10,"column":15}},"3":{"start":{"line":14,"column":2},"end":{"line":16,"column":3}},"4":{"start":{"line":15,"column":4},"end":{"line":15,"column":58}},"5":{"start":{"line":17,"column":2},"end":{"line":17,"column":15}},"6":{"start":{"line":21,"column":2},"end":{"line":21,"column":23}},"7":{"start":{"line":25,"column":0},"end":{"line":30,"column":2}}},"fnMap":{"0":{"name":"addieren","decl":{"start":{"line":1,"column":9},"end":{"line":1,"column":17}},"loc":{"start":{"line":1,"column":24},"end":{"line":3,"column":1}},"line":1},"1":{"name":"subtrahieren","decl":{"start":{"line":5,"column":9},"end":{"line":5,"column":21}},"loc":{"start":{"line":5,"column":28},"end":{"line":7,"column":1}},"line":5},"2":{"name":"multiplizieren","decl":{"start":{"line":9,"column":9},"end":{"line":9,"column":23}},"loc":{"start":{"line":9,"column":30},"end":{"line":11,"column":1}},"line":9},"3":{"name":"dividieren","decl":{"start":{"line":13,"column":9},"end":{"line":13,"column":19}},"loc":{"start":{"line":13,"column":26},"end":{"line":18,"column":1}},"line":13},"4":{"name":"prozentrechnung","decl":{"start":{"line":20,"column":9},"end":{"line":20,"column":24}},"loc":{"start":{"line":20,"column":31},"end":{"line":22,"column":1}},"line":20}},"branchMap":{"0":{"loc":{"start":{"line":14,"column":2},"end":{"line":16,"column":3}},"type":"if","locations":[{"start":{"line":14,"column":2},"end":{"line":16,"column":3}},{"start":{},"end":{}}],"line":14}},"s":{"0":2,"1":1,"2":1,"3":1,"4":0,"5":1,"6":0,"7":1},"f":{"0":2,"1":1,"2":1,"3":1,"4":0},"b":{"0":[0,1]},"_coverageSchema":"1a1c01bbd47fc00a2c39e90264f33305004495a9","hash":"b84cb16bf8be341e1c5756e7a0b7d89f83f94e75"}
}
